# JRE version: 7.0_25-b17
# Java VM: Java HotSpot(TM) 64-Bit Server VM (23.25-b01 mixed mode windows-amd64 compressed oops)
Heap
 PSYoungGen      total 562560K, used 1841K [0x00000007d6000000, 0x00000007fea40000, 0x0000000800000000)
  eden space 459392K, 0% used [0x00000007d6000000,0x00000007d61cc6e0,0x00000007f20a0000)
  from space 103168K, 0% used [0x00000007f20a0000,0x00000007f20a0000,0x00000007f8560000)
  to   space 100096K, 0% used [0x00000007f8880000,0x00000007f8880000,0x00000007fea40000)
 ParOldGen       total 861312K, used 136923K [0x0000000782000000, 0x00000007b6920000, 0x00000007d6000000)
  object space 861312K, 15% used [0x0000000782000000,0x000000078a5b6c80,0x00000007b6920000)
 PSPermGen       total 83968K, used 83967K [0x000000077ce00000, 0x0000000782000000, 0x0000000782000000)
  object space 83968K, 99% used [0x000000077ce00000,0x0000000781ffff10,0x0000000782000000)
GC Heap History (10 events):
Event: 1203.487 GC heap before
{Heap before GC invocations=29 (full 8):
 PSYoungGen      total 561472K, used 64K [0x00000007d6000000, 0x00000007fcc70000, 0x0000000800000000)
  eden space 486272K, 0% used [0x00000007d6000000,0x00000007d6000000,0x00000007f3ae0000)
  from space 75200K, 0% used [0x00000007f3ae0000,0x00000007f3af0000,0x00000007f8450000)
  to   space 72768K, 0% used [0x00000007f8560000,0x00000007f8560000,0x00000007fcc70000)
 ParOldGen       total 403648K, used 32857K [0x0000000782000000, 0x000000079aa30000, 0x00000007d6000000)
  object space 403648K, 8% used [0x0000000782000000,0x00000007840167f8,0x000000079aa30000)
 PSPermGen       total 83968K, used 83967K [0x000000077ce00000, 0x0000000782000000, 0x0000000782000000)
  object space 83968K, 99% used [0x000000077ce00000,0x0000000781ffffd8,0x0000000782000000)
Event: 1203.664 GC heap after
Heap after GC invocations=29 (full 8):
 PSYoungGen      total 561472K, used 0K [0x00000007d6000000, 0x00000007fcc70000, 0x0000000800000000)
  eden space 486272K, 0% used [0x00000007d6000000,0x00000007d6000000,0x00000007f3ae0000)
  from space 75200K, 0% used [0x00000007f3ae0000,0x00000007f3ae0000,0x00000007f8450000)
  to   space 72768K, 0% used [0x00000007f8560000,0x00000007f8560000,0x00000007fcc70000)
 ParOldGen       total 503808K, used 32708K [0x0000000782000000, 0x00000007a0c00000, 0x00000007d6000000)
  object space 503808K, 6% used [0x0000000782000000,0x0000000783ff1118,0x00000007a0c00000)
 PSPermGen       total 83968K, used 83844K [0x000000077ce00000, 0x0000000782000000, 0x0000000782000000)
  object space 83968K, 99% used [0x000000077ce00000,0x0000000781fe11e8,0x0000000782000000)
}
Event: 1207.359 GC heap before
{Heap before GC invocations=30 (full 8):
 PSYoungGen      total 561472K, used 485026K [0x00000007d6000000, 0x00000007fcc70000, 0x0000000800000000)
  eden space 486272K, 99% used [0x00000007d6000000,0x00000007f39a8918,0x00000007f3ae0000)
  from space 75200K, 0% used [0x00000007f3ae0000,0x00000007f3ae0000,0x00000007f8450000)
  to   space 72768K, 0% used [0x00000007f8560000,0x00000007f8560000,0x00000007fcc70000)
 ParOldGen       total 503808K, used 32708K [0x0000000782000000, 0x00000007a0c00000, 0x00000007d6000000)
  object space 503808K, 6% used [0x0000000782000000,0x0000000783ff1118,0x00000007a0c00000)
 PSPermGen       total 83968K, used 83967K [0x000000077ce00000, 0x0000000782000000, 0x0000000782000000)
  object space 83968K, 99% used [0x000000077ce00000,0x0000000781ffff30,0x0000000782000000)
Event: 1207.470 GC heap after
Heap after GC invocations=30 (full 8):
 PSYoungGen      total 532160K, used 72736K [0x00000007d6000000, 0x0000000800000000, 0x0000000800000000)
  eden space 459392K, 0% used [0x00000007d6000000,0x00000007d6000000,0x00000007f20a0000)
  from space 72768K, 99% used [0x00000007f8560000,0x00000007fcc682e8,0x00000007fcc70000)
  to   space 103168K, 0% used [0x00000007f20a0000,0x00000007f20a0000,0x00000007f8560000)
 ParOldGen       total 503808K, used 74245K [0x0000000782000000, 0x00000007a0c00000, 0x00000007d6000000)
  object space 503808K, 14% used [0x0000000782000000,0x0000000786881718,0x00000007a0c00000)
 PSPermGen       total 83968K, used 83967K [0x000000077ce00000, 0x0000000782000000, 0x0000000782000000)
  object space 83968K, 99% used [0x000000077ce00000,0x0000000781ffff30,0x0000000782000000)
}
Event: 1207.470 GC heap before
{Heap before GC invocations=31 (full 9):
 PSYoungGen      total 532160K, used 72736K [0x00000007d6000000, 0x0000000800000000, 0x0000000800000000)
  eden space 459392K, 0% used [0x00000007d6000000,0x00000007d6000000,0x00000007f20a0000)
  from space 72768K, 99% used [0x00000007f8560000,0x00000007fcc682e8,0x00000007fcc70000)
  to   space 103168K, 0% used [0x00000007f20a0000,0x00000007f20a0000,0x00000007f8560000)
 ParOldGen       total 503808K, used 74245K [0x0000000782000000, 0x00000007a0c00000, 0x00000007d6000000)
  object space 503808K, 14% used [0x0000000782000000,0x0000000786881718,0x00000007a0c00000)
 PSPermGen       total 83968K, used 83967K [0x000000077ce00000, 0x0000000782000000, 0x0000000782000000)
  object space 83968K, 99% used [0x000000077ce00000,0x0000000781ffff30,0x0000000782000000)
Event: 1207.724 GC heap after
Heap after GC invocations=31 (full 9):
 PSYoungGen      total 532160K, used 0K [0x00000007d6000000, 0x0000000800000000, 0x0000000800000000)
  eden space 459392K, 0% used [0x00000007d6000000,0x00000007d6000000,0x00000007f20a0000)
  from space 72768K, 0% used [0x00000007f8560000,0x00000007f8560000,0x00000007fcc70000)
  to   space 103168K, 0% used [0x00000007f20a0000,0x00000007f20a0000,0x00000007f8560000)
 ParOldGen       total 727488K, used 137034K [0x0000000782000000, 0x00000007ae670000, 0x00000007d6000000)
  object space 727488K, 18% used [0x0000000782000000,0x000000078a5d2b30,0x00000007ae670000)
 PSPermGen       total 83968K, used 83967K [0x000000077ce00000, 0x0000000782000000, 0x0000000782000000)
  object space 83968K, 99% used [0x000000077ce00000,0x0000000781ffff10,0x0000000782000000)
}
Event: 1207.724 GC heap before
{Heap before GC invocations=32 (full 9):
 PSYoungGen      total 532160K, used 0K [0x00000007d6000000, 0x0000000800000000, 0x0000000800000000)
  eden space 459392K, 0% used [0x00000007d6000000,0x00000007d6000000,0x00000007f20a0000)
  from space 72768K, 0% used [0x00000007f8560000,0x00000007f8560000,0x00000007fcc70000)
  to   space 103168K, 0% used [0x00000007f20a0000,0x00000007f20a0000,0x00000007f8560000)
 ParOldGen       total 727488K, used 137034K [0x0000000782000000, 0x00000007ae670000, 0x00000007d6000000)
  object space 727488K, 18% used [0x0000000782000000,0x000000078a5d2b30,0x00000007ae670000)
 PSPermGen       total 83968K, used 83967K [0x000000077ce00000, 0x0000000782000000, 0x0000000782000000)
  object space 83968K, 99% used [0x000000077ce00000,0x0000000781ffff10,0x0000000782000000)
Event: 1207.727 GC heap after
Heap after GC invocations=32 (full 9):
 PSYoungGen      total 562560K, used 0K [0x00000007d6000000, 0x00000007fea40000, 0x0000000800000000)
  eden space 459392K, 0% used [0x00000007d6000000,0x00000007d6000000,0x00000007f20a0000)
  from space 103168K, 0% used [0x00000007f20a0000,0x00000007f20a0000,0x00000007f8560000)
  to   space 100096K, 0% used [0x00000007f8880000,0x00000007f8880000,0x00000007fea40000)
 ParOldGen       total 727488K, used 137034K [0x0000000782000000, 0x00000007ae670000, 0x00000007d6000000)
  object space 727488K, 18% used [0x0000000782000000,0x000000078a5d2b30,0x00000007ae670000)
 PSPermGen       total 83968K, used 83967K [0x000000077ce00000, 0x0000000782000000, 0x0000000782000000)
  object space 83968K, 99% used [0x000000077ce00000,0x0000000781ffff10,0x0000000782000000)
}
Event: 1207.727 GC heap before
{Heap before GC invocations=33 (full 10):
 PSYoungGen      total 562560K, used 0K [0x00000007d6000000, 0x00000007fea40000, 0x0000000800000000)
  eden space 459392K, 0% used [0x00000007d6000000,0x00000007d6000000,0x00000007f20a0000)
  from space 103168K, 0% used [0x00000007f20a0000,0x00000007f20a0000,0x00000007f8560000)
  to   space 100096K, 0% used [0x00000007f8880000,0x00000007f8880000,0x00000007fea40000)
 ParOldGen       total 727488K, used 137034K [0x0000000782000000, 0x00000007ae670000, 0x00000007d6000000)
  object space 727488K, 18% used [0x0000000782000000,0x000000078a5d2b30,0x00000007ae670000)
 PSPermGen       total 83968K, used 83967K [0x000000077ce00000, 0x0000000782000000, 0x0000000782000000)
  object space 83968K, 99% used [0x000000077ce00000,0x0000000781ffff10,0x0000000782000000)
Event: 1207.983 GC heap after
Heap after GC invocations=33 (full 10):
 PSYoungGen      total 562560K, used 0K [0x00000007d6000000, 0x00000007fea40000, 0x0000000800000000)
  eden space 459392K, 0% used [0x00000007d6000000,0x00000007d6000000,0x00000007f20a0000)
  from space 103168K, 0% used [0x00000007f20a0000,0x00000007f20a0000,0x00000007f8560000)
  to   space 100096K, 0% used [0x00000007f8880000,0x00000007f8880000,0x00000007fea40000)
 ParOldGen       total 861312K, used 136923K [0x0000000782000000, 0x00000007b6920000, 0x00000007d6000000)
  object space 861312K, 15% used [0x0000000782000000,0x000000078a5b6c80,0x00000007b6920000)
 PSPermGen       total 83968K, used 83967K [0x000000077ce00000, 0x0000000782000000, 0x0000000782000000)
  object space 83968K, 99% used [0x000000077ce00000,0x0000000781ffff10,0x0000000782000000)
}

