# JRE version: 7.0_25-b17
# Java VM: Java HotSpot(TM) 64-Bit Server VM (23.25-b01 mixed mode windows-amd64 compressed oops)
Heap
 PSYoungGen      total 568768K, used 2291K [0x00000007d6000000, 0x00000007fd940000, 0x0000000800000000)
  eden space 498048K, 0% used [0x00000007d6000000,0x00000007d623cf88,0x00000007f4660000)
  from space 70720K, 0% used [0x00000007f9430000,0x00000007f9430000,0x00000007fd940000)
  to   space 75200K, 0% used [0x00000007f4660000,0x00000007f4660000,0x00000007f8fd0000)
 ParOldGen       total 1376256K, used 32572K [0x0000000782000000, 0x00000007d6000000, 0x00000007d6000000)
  object space 1376256K, 2% used [0x0000000782000000,0x0000000783fcf198,0x00000007d6000000)
 PSPermGen       total 83968K, used 83967K [0x000000077ce00000, 0x0000000782000000, 0x0000000782000000)
  object space 83968K, 99% used [0x000000077ce00000,0x0000000781fffff8,0x0000000782000000)
GC Heap History (10 events):
Event: 658.686 GC heap before
{Heap before GC invocations=41 (full 13):
 PSYoungGen      total 575360K, used 0K [0x00000007d6000000, 0x00000007fe5d0000, 0x0000000800000000)
  eden space 495168K, 0% used [0x00000007d6000000,0x00000007d6000000,0x00000007f4390000)
  from space 80192K, 0% used [0x00000007f9780000,0x00000007f9780000,0x00000007fe5d0000)
  to   space 83072K, 0% used [0x00000007f4390000,0x00000007f4390000,0x00000007f94b0000)
 ParOldGen       total 1195456K, used 32945K [0x0000000782000000, 0x00000007caf70000, 0x00000007d6000000)
  object space 1195456K, 2% used [0x0000000782000000,0x000000078402c4b0,0x00000007caf70000)
 PSPermGen       total 83968K, used 83966K [0x000000077ce00000, 0x0000000782000000, 0x0000000782000000)
  object space 83968K, 99% used [0x000000077ce00000,0x0000000781fffbc0,0x0000000782000000)
Event: 658.813 GC heap after
Heap after GC invocations=41 (full 13):
 PSYoungGen      total 575360K, used 0K [0x00000007d6000000, 0x00000007fe5d0000, 0x0000000800000000)
  eden space 495168K, 0% used [0x00000007d6000000,0x00000007d6000000,0x00000007f4390000)
  from space 80192K, 0% used [0x00000007f9780000,0x00000007f9780000,0x00000007fe5d0000)
  to   space 83072K, 0% used [0x00000007f4390000,0x00000007f4390000,0x00000007f94b0000)
 ParOldGen       total 1376256K, used 32572K [0x0000000782000000, 0x00000007d6000000, 0x00000007d6000000)
  object space 1376256K, 2% used [0x0000000782000000,0x0000000783fcf298,0x00000007d6000000)
 PSPermGen       total 83968K, used 83966K [0x000000077ce00000, 0x0000000782000000, 0x0000000782000000)
  object space 83968K, 99% used [0x000000077ce00000,0x0000000781fffba0,0x0000000782000000)
}
Event: 658.813 GC heap before
{Heap before GC invocations=42 (full 13):
 PSYoungGen      total 575360K, used 0K [0x00000007d6000000, 0x00000007fe5d0000, 0x0000000800000000)
  eden space 495168K, 0% used [0x00000007d6000000,0x00000007d6000000,0x00000007f4390000)
  from space 80192K, 0% used [0x00000007f9780000,0x00000007f9780000,0x00000007fe5d0000)
  to   space 83072K, 0% used [0x00000007f4390000,0x00000007f4390000,0x00000007f94b0000)
 ParOldGen       total 1376256K, used 32572K [0x0000000782000000, 0x00000007d6000000, 0x00000007d6000000)
  object space 1376256K, 2% used [0x0000000782000000,0x0000000783fcf298,0x00000007d6000000)
 PSPermGen       total 83968K, used 83967K [0x000000077ce00000, 0x0000000782000000, 0x0000000782000000)
  object space 83968K, 99% used [0x000000077ce00000,0x0000000781fffff8,0x0000000782000000)
Event: 658.815 GC heap after
Heap after GC invocations=42 (full 13):
 PSYoungGen      total 495232K, used 0K [0x00000007d6000000, 0x00000007fe180000, 0x0000000800000000)
  eden space 495168K, 0% used [0x00000007d6000000,0x00000007d6000000,0x00000007f4390000)
  from space 64K, 0% used [0x00000007f4390000,0x00000007f4390000,0x00000007f43a0000)
  to   space 79168K, 0% used [0x00000007f9430000,0x00000007f9430000,0x00000007fe180000)
 ParOldGen       total 1376256K, used 32572K [0x0000000782000000, 0x00000007d6000000, 0x00000007d6000000)
  object space 1376256K, 2% used [0x0000000782000000,0x0000000783fcf298,0x00000007d6000000)
 PSPermGen       total 83968K, used 83967K [0x000000077ce00000, 0x0000000782000000, 0x0000000782000000)
  object space 83968K, 99% used [0x000000077ce00000,0x0000000781fffff8,0x0000000782000000)
}
Event: 658.815 GC heap before
{Heap before GC invocations=43 (full 14):
 PSYoungGen      total 495232K, used 0K [0x00000007d6000000, 0x00000007fe180000, 0x0000000800000000)
  eden space 495168K, 0% used [0x00000007d6000000,0x00000007d6000000,0x00000007f4390000)
  from space 64K, 0% used [0x00000007f4390000,0x00000007f4390000,0x00000007f43a0000)
  to   space 79168K, 0% used [0x00000007f9430000,0x00000007f9430000,0x00000007fe180000)
 ParOldGen       total 1376256K, used 32572K [0x0000000782000000, 0x00000007d6000000, 0x00000007d6000000)
  object space 1376256K, 2% used [0x0000000782000000,0x0000000783fcf298,0x00000007d6000000)
 PSPermGen       total 83968K, used 83967K [0x000000077ce00000, 0x0000000782000000, 0x0000000782000000)
  object space 83968K, 99% used [0x000000077ce00000,0x0000000781fffff8,0x0000000782000000)
Event: 658.980 GC heap after
Heap after GC invocations=43 (full 14):
 PSYoungGen      total 495232K, used 0K [0x00000007d6000000, 0x00000007fe180000, 0x0000000800000000)
  eden space 495168K, 0% used [0x00000007d6000000,0x00000007d6000000,0x00000007f4390000)
  from space 64K, 0% used [0x00000007f4390000,0x00000007f4390000,0x00000007f43a0000)
  to   space 79168K, 0% used [0x00000007f9430000,0x00000007f9430000,0x00000007fe180000)
 ParOldGen       total 1376256K, used 32572K [0x0000000782000000, 0x00000007d6000000, 0x00000007d6000000)
  object space 1376256K, 2% used [0x0000000782000000,0x0000000783fcf198,0x00000007d6000000)
 PSPermGen       total 83968K, used 83967K [0x000000077ce00000, 0x0000000782000000, 0x0000000782000000)
  object space 83968K, 99% used [0x000000077ce00000,0x0000000781fffff8,0x0000000782000000)
}
Event: 658.980 GC heap before
{Heap before GC invocations=44 (full 14):
 PSYoungGen      total 495232K, used 0K [0x00000007d6000000, 0x00000007fe180000, 0x0000000800000000)
  eden space 495168K, 0% used [0x00000007d6000000,0x00000007d6000000,0x00000007f4390000)
  from space 64K, 0% used [0x00000007f4390000,0x00000007f4390000,0x00000007f43a0000)
  to   space 79168K, 0% used [0x00000007f9430000,0x00000007f9430000,0x00000007fe180000)
 ParOldGen       total 1376256K, used 32572K [0x0000000782000000, 0x00000007d6000000, 0x00000007d6000000)
  object space 1376256K, 2% used [0x0000000782000000,0x0000000783fcf198,0x00000007d6000000)
 PSPermGen       total 83968K, used 83967K [0x000000077ce00000, 0x0000000782000000, 0x0000000782000000)
  object space 83968K, 99% used [0x000000077ce00000,0x0000000781fffff8,0x0000000782000000)
Event: 658.982 GC heap after
Heap after GC invocations=44 (full 14):
 PSYoungGen      total 568768K, used 0K [0x00000007d6000000, 0x00000007fd940000, 0x0000000800000000)
  eden space 498048K, 0% used [0x00000007d6000000,0x00000007d6000000,0x00000007f4660000)
  from space 70720K, 0% used [0x00000007f9430000,0x00000007f9430000,0x00000007fd940000)
  to   space 75200K, 0% used [0x00000007f4660000,0x00000007f4660000,0x00000007f8fd0000)
 ParOldGen       total 1376256K, used 32572K [0x0000000782000000, 0x00000007d6000000, 0x00000007d6000000)
  object space 1376256K, 2% used [0x0000000782000000,0x0000000783fcf198,0x00000007d6000000)
 PSPermGen       total 83968K, used 83967K [0x000000077ce00000, 0x0000000782000000, 0x0000000782000000)
  object space 83968K, 99% used [0x000000077ce00000,0x0000000781fffff8,0x0000000782000000)
}
Event: 658.982 GC heap before
{Heap before GC invocations=45 (full 15):
 PSYoungGen      total 568768K, used 0K [0x00000007d6000000, 0x00000007fd940000, 0x0000000800000000)
  eden space 498048K, 0% used [0x00000007d6000000,0x00000007d6000000,0x00000007f4660000)
  from space 70720K, 0% used [0x00000007f9430000,0x00000007f9430000,0x00000007fd940000)
  to   space 75200K, 0% used [0x00000007f4660000,0x00000007f4660000,0x00000007f8fd0000)
 ParOldGen       total 1376256K, used 32572K [0x0000000782000000, 0x00000007d6000000, 0x00000007d6000000)
  object space 1376256K, 2% used [0x0000000782000000,0x0000000783fcf198,0x00000007d6000000)
 PSPermGen       total 83968K, used 83967K [0x000000077ce00000, 0x0000000782000000, 0x0000000782000000)
  object space 83968K, 99% used [0x000000077ce00000,0x0000000781fffff8,0x0000000782000000)
Event: 659.097 GC heap after
Heap after GC invocations=45 (full 15):
 PSYoungGen      total 568768K, used 0K [0x00000007d6000000, 0x00000007fd940000, 0x0000000800000000)
  eden space 498048K, 0% used [0x00000007d6000000,0x00000007d6000000,0x00000007f4660000)
  from space 70720K, 0% used [0x00000007f9430000,0x00000007f9430000,0x00000007fd940000)
  to   space 75200K, 0% used [0x00000007f4660000,0x00000007f4660000,0x00000007f8fd0000)
 ParOldGen       total 1376256K, used 32572K [0x0000000782000000, 0x00000007d6000000, 0x00000007d6000000)
  object space 1376256K, 2% used [0x0000000782000000,0x0000000783fcf198,0x00000007d6000000)
 PSPermGen       total 83968K, used 83967K [0x000000077ce00000, 0x0000000782000000, 0x0000000782000000)
  object space 83968K, 99% used [0x000000077ce00000,0x0000000781fffff8,0x0000000782000000)
}

